CS240: lab6. cs240 Tue Mar 31 00:09:52 EDT 2015  Total:  0 of 12

CS240: lab6. cs240 Tue Mar 31 00:10:08 EDT 2015  Total:  12 of 12

CS240: lab6. cs240 Tue Mar 31 00:11:07 EDT 2015  Total:  0 of 12

CS240: lab6. cs240 Tue Mar 31 00:11:39 EDT 2015  Total:  0 of 12

CS240: lab6. cs240 Tue Mar 31 00:13:58 EDT 2015  Total:  0 of 12

CS240: lab6. fanella Tue Mar 31 11:26:17 EDT 2015  Total:  0 of 12

CS240: lab6. fanella Tue Mar 31 11:37:26 EDT 2015  Total:  2 of 12

CS240: lab6. fanella Tue Mar 31 11:42:18 EDT 2015  Total:  2 of 12

CS240: lab6. fanella Tue Mar 31 11:46:57 EDT 2015  Total:  2 of 12

CS240: lab6. fanella Tue Mar 31 11:49:11 EDT 2015  Total:  2 of 12

CS240: lab6. fanella Tue Mar 31 11:52:09 EDT 2015  Total:  4 of 12

CS240: lab6. fanella Tue Mar 31 12:01:28 EDT 2015  Total:  8 of 12

CS240: lab6. fanella Tue Mar 31 12:28:38 EDT 2015  Total:  8 of 12

CS240: lab6. fanella Tue Mar 31 12:29:08 EDT 2015  Total:  8 of 12

CS240: lab6. fanella Tue Mar 31 12:31:12 EDT 2015  Total:  8 of 12

CS240: lab6. fanella Tue Mar 31 12:35:57 EDT 2015  Total:  8 of 12

CS240: lab6. fanella Tue Mar 31 12:44:28 EDT 2015  Total:  8 of 12

CS240: lab6. fanella Tue Mar 31 13:21:08 EDT 2015  Total:  8 of 12

CS240: lab6. fanella Tue Apr 7 11:42:52 EDT 2015  Total:  8 of 12

CS240: lab6. fanella Tue Apr 7 11:44:33 EDT 2015  Total:  8 of 12

CS240: lab6. fanella Tue Apr 7 12:10:11 EDT 2015  Total:  8 of 12

CS240: lab6. fanella Tue Apr 7 12:10:47 EDT 2015  Total:  12 of 12

CS240: lab6. fanella Tue Apr 7 12:11:39 EDT 2015  Total:  12 of 12

CS240: lab6. fanella Mon Apr 13 22:49:29 EDT 2015  Total:  12 of 62

CS240: lab6. fanella Tue Apr 14 11:44:43 EDT 2015  Total:  12 of 62

CS240: lab6. fanella Tue Apr 14 11:49:08 EDT 2015  Total:  12 of 62

CS240: lab6. fanella Tue Apr 14 11:51:07 EDT 2015  Total:  12 of 62

CS240: lab6. fanella Tue Apr 14 11:55:45 EDT 2015  Total:  12 of 62

CS240: lab6. fanella Sat Apr 18 15:09:32 EDT 2015  Total:  12 of 62

CS240: lab6. fanella Sat Apr 18 15:16:49 EDT 2015  Total:  17 of 62

CS240: lab6. fanella Sat Apr 18 15:31:03 EDT 2015  Total:  17 of 62

CS240: lab6. fanella Sat Apr 18 15:53:26 EDT 2015  Total:  17 of 62

CS240: lab6. fanella Sat Apr 18 16:41:44 EDT 2015  Total:  17 of 62

CS240: lab6. fanella Sat Apr 18 17:34:33 EDT 2015  Total:  17 of 62

CS240: lab6. fanella Sat Apr 18 17:40:06 EDT 2015  Total:  57 of 62

CS240: lab6. fanella Sat Apr 18 17:47:57 EDT 2015  Total:  57 of 62

