[master (root-commit) 195006e] otal of otalmax
 Committer: CS24000 Account <cs240@data.cs.purdue.edu>
Your name and email address were configured automatically based
on your username and hostname. Please check that they are accurate.
You can suppress this message by setting them explicitly:

    git config --global user.name "Your Name"
    git config --global user.email you@example.com

After doing this, you may fix the identity used for this commit with:

    git commit --amend --reset-author

 11 files changed, 811 insertions(+)
 create mode 100644 .local.git.out
 create mode 100644 HashTableVoid.cc
 create mode 100644 HashTableVoid.h
 create mode 100755 HashTableVoidTest
 create mode 100644 HashTableVoidTest.cc
 create mode 100755 IRCServer
 create mode 100644 IRCServer.cc
 create mode 100644 IRCServer.h
 create mode 100755 Makefile
 create mode 100755 talk-server
 create mode 100755 testall
[master 31a87fe] 0 of 12
 Committer: CS24000 Account <cs240@data.cs.purdue.edu>
Your name and email address were configured automatically based
on your username and hostname. Please check that they are accurate.
You can suppress this message by setting them explicitly:

    git config --global user.name "Your Name"
    git config --global user.email you@example.com

After doing this, you may fix the identity used for this commit with:

    git commit --amend --reset-author

 5 files changed, 35 insertions(+)
 create mode 100644 .local.total.out
 create mode 100644 diff.out
 create mode 100644 total.out
 create mode 100644 total.txt
[master 3f7cda3] otal of otalmax
 Committer: CS24000 Account <cs240@data.cs.purdue.edu>
Your name and email address were configured automatically based
on your username and hostname. Please check that they are accurate.
You can suppress this message by setting them explicitly:

    git config --global user.name "Your Name"
    git config --global user.email you@example.com

After doing this, you may fix the identity used for this commit with:

    git commit --amend --reset-author

 3 files changed, 18 insertions(+), 2 deletions(-)
 rename diff.out => none (100%)
 delete mode 100644 total.out
[master d546088] 12 of 12
 Committer: CS24000 Account <cs240@data.cs.purdue.edu>
Your name and email address were configured automatically based
on your username and hostname. Please check that they are accurate.
You can suppress this message by setting them explicitly:

    git config --global user.name "Your Name"
    git config --global user.email you@example.com

After doing this, you may fix the identity used for this commit with:

    git commit --amend --reset-author

 7 files changed, 26 insertions(+), 6 deletions(-)
 create mode 100644 diff.out
 create mode 100644 prog.org.out
 create mode 100644 prog.out
 create mode 100644 total.out
[master 0c99a0a] otal of otalmax
 Committer: CS24000 Account <cs240@data.cs.purdue.edu>
Your name and email address were configured automatically based
on your username and hostname. Please check that they are accurate.
You can suppress this message by setting them explicitly:

    git config --global user.name "Your Name"
    git config --global user.email you@example.com

After doing this, you may fix the identity used for this commit with:

    git commit --amend --reset-author

 6 files changed, 18 insertions(+), 2 deletions(-)
 create mode 100755 HashTableVoidTest.org
 delete mode 100644 diff.out
 delete mode 100644 prog.org.out
 delete mode 100644 prog.out
 delete mode 100644 total.out
[master e4c08cd] 0 of 12
 Committer: CS24000 Account <cs240@data.cs.purdue.edu>
Your name and email address were configured automatically based
on your username and hostname. Please check that they are accurate.
You can suppress this message by setting them explicitly:

    git config --global user.name "Your Name"
    git config --global user.email you@example.com

After doing this, you may fix the identity used for this commit with:

    git commit --amend --reset-author

 7 files changed, 32 insertions(+), 6 deletions(-)
 create mode 100644 diff.out
 create mode 100644 prog.org.out
 create mode 100644 prog.out
 create mode 100644 total.out
[master e7d364c] otal of otalmax
 Committer: CS24000 Account <cs240@data.cs.purdue.edu>
Your name and email address were configured automatically based
on your username and hostname. Please check that they are accurate.
You can suppress this message by setting them explicitly:

    git config --global user.name "Your Name"
    git config --global user.email you@example.com

After doing this, you may fix the identity used for this commit with:

    git commit --amend --reset-author

 5 files changed, 18 insertions(+), 5 deletions(-)
 delete mode 100644 diff.out
 delete mode 100644 prog.org.out
 delete mode 100644 prog.out
 delete mode 100644 total.out
[master a203c20] 0 of 12
 Committer: CS24000 Account <cs240@data.cs.purdue.edu>
Your name and email address were configured automatically based
on your username and hostname. Please check that they are accurate.
You can suppress this message by setting them explicitly:

    git config --global user.name "Your Name"
    git config --global user.email you@example.com

After doing this, you may fix the identity used for this commit with:

    git commit --amend --reset-author

 6 files changed, 25 insertions(+)
 create mode 100644 diff.out
 create mode 100644 prog.org.out
 create mode 100644 prog.out
 create mode 100644 total.out
[master ce9b998] otal of otalmax
 Committer: CS24000 Account <cs240@data.cs.purdue.edu>
Your name and email address were configured automatically based
on your username and hostname. Please check that they are accurate.
You can suppress this message by setting them explicitly:

    git config --global user.name "Your Name"
    git config --global user.email you@example.com

After doing this, you may fix the identity used for this commit with:

    git commit --amend --reset-author

 5 files changed, 18 insertions(+), 5 deletions(-)
 delete mode 100644 diff.out
 delete mode 100644 prog.org.out
 delete mode 100644 prog.out
 delete mode 100644 total.out
[master 504054b] 0 of 12
 Committer: CS24000 Account <cs240@data.cs.purdue.edu>
Your name and email address were configured automatically based
on your username and hostname. Please check that they are accurate.
You can suppress this message by setting them explicitly:

    git config --global user.name "Your Name"
    git config --global user.email you@example.com

After doing this, you may fix the identity used for this commit with:

    git commit --amend --reset-author

 6 files changed, 25 insertions(+)
 create mode 100644 diff.out
 create mode 100644 prog.org.out
 create mode 100644 prog.out
 create mode 100644 total.out
[master 343833b] Make IRCServer
 8 files changed, 19 insertions(+), 6 deletions(-)
 delete mode 100644 diff.out
 delete mode 100644 prog.org.out
 delete mode 100644 prog.out
 delete mode 100644 total.out
[master 7cb0811] 0 of 12
 6 files changed, 13 insertions(+)
 create mode 100644 diff.out
 create mode 100644 prog.org.out
 create mode 100644 prog.out
 create mode 100644 total.out
[master b0670fc] Make IRCServer
 7 files changed, 37 insertions(+), 11 deletions(-)
 rewrite HashTableVoidTest (77%)
 delete mode 100644 diff.out
 delete mode 100644 prog.org.out
 delete mode 100644 prog.out
 delete mode 100644 total.out
[master 879f8b0] 2 of 12
 7 files changed, 15 insertions(+), 1 deletion(-)
 create mode 100644 diff.out
 create mode 100644 prog.org.out
 create mode 100644 prog.out
 create mode 100644 total.out
[master 74c8972] Make IRCServer
 7 files changed, 7 insertions(+), 7 deletions(-)
 delete mode 100644 diff.out
 delete mode 100644 prog.org.out
 delete mode 100644 prog.out
 delete mode 100644 total.out
[master a7ed81a] 2 of 12
 6 files changed, 13 insertions(+)
 create mode 100644 diff.out
 create mode 100644 prog.org.out
 create mode 100644 prog.out
 create mode 100644 total.out
[master 22c8f9b] Make IRCServer
 7 files changed, 10 insertions(+), 9 deletions(-)
 delete mode 100644 diff.out
 delete mode 100644 prog.org.out
 delete mode 100644 prog.out
 delete mode 100644 total.out
[master 557afa7] 2 of 12
 6 files changed, 13 insertions(+)
 create mode 100644 diff.out
 create mode 100644 prog.org.out
 create mode 100644 prog.out
 create mode 100644 total.out
[master b8e5ee8] Make IRCServer
 7 files changed, 8 insertions(+), 6 deletions(-)
 delete mode 100644 diff.out
 delete mode 100644 prog.org.out
 delete mode 100644 prog.out
 delete mode 100644 total.out
[master 9b784fd] 2 of 12
 6 files changed, 13 insertions(+)
 create mode 100644 diff.out
 create mode 100644 prog.org.out
 create mode 100644 prog.out
 create mode 100644 total.out
[master 3f95382] Make IRCServer
 7 files changed, 20 insertions(+), 9 deletions(-)
 delete mode 100644 diff.out
 delete mode 100644 prog.org.out
 delete mode 100644 prog.out
 delete mode 100644 total.out
[master f3bfef6] 4 of 12
 7 files changed, 14 insertions(+), 1 deletion(-)
 create mode 100644 diff.out
 create mode 100644 prog.org.out
 create mode 100644 prog.out
 create mode 100644 total.out
[master f2cf50a] Make IRCServer
 7 files changed, 24 insertions(+), 7 deletions(-)
 rewrite HashTableVoidTest (73%)
 delete mode 100644 diff.out
 delete mode 100644 prog.org.out
 delete mode 100644 prog.out
 delete mode 100644 total.out
[master 6b260ee] 8 of 12
 7 files changed, 15 insertions(+), 2 deletions(-)
 create mode 100644 diff.out
 create mode 100644 prog.org.out
 create mode 100644 prog.out
 create mode 100644 total.out
[master 2da9af4] Make IRCServer
 7 files changed, 19 insertions(+), 8 deletions(-)
 delete mode 100644 diff.out
 delete mode 100644 prog.org.out
 delete mode 100644 prog.out
 delete mode 100644 total.out
[master 19b9559] 8 of 12
 6 files changed, 12 insertions(+)
 create mode 100644 diff.out
 create mode 100644 prog.org.out
 create mode 100644 prog.out
 create mode 100644 total.out
[master 2e19454] Make IRCServer
 5 files changed, 6 insertions(+), 4 deletions(-)
 delete mode 100644 diff.out
 delete mode 100644 prog.org.out
 delete mode 100644 prog.out
 delete mode 100644 total.out
[master b9cc8b5] 8 of 12
 6 files changed, 12 insertions(+)
 create mode 100644 diff.out
 create mode 100644 prog.org.out
 create mode 100644 prog.out
 create mode 100644 total.out
[master 9baf7f9] Make IRCServer
 7 files changed, 8 insertions(+), 4 deletions(-)
 delete mode 100644 diff.out
 delete mode 100644 prog.org.out
 delete mode 100644 prog.out
 delete mode 100644 total.out
[master 306d952] 8 of 12
 6 files changed, 12 insertions(+)
 create mode 100644 diff.out
 create mode 100644 prog.org.out
 create mode 100644 prog.out
 create mode 100644 total.out
[master 29724f5] Make IRCServer
 7 files changed, 7 insertions(+), 5 deletions(-)
 rewrite HashTableVoidTest (70%)
 delete mode 100644 diff.out
 delete mode 100644 prog.org.out
 delete mode 100644 prog.out
 delete mode 100644 total.out
[master 0885956] 8 of 12
 6 files changed, 13 insertions(+)
 create mode 100644 diff.out
 create mode 100644 prog.org.out
 create mode 100644 prog.out
 create mode 100644 total.out
[master 3905c0b] Make IRCServer
 8 files changed, 9 insertions(+), 5 deletions(-)
 rewrite HashTableVoidTest (73%)
 delete mode 100644 diff.out
 delete mode 100644 prog.org.out
 delete mode 100644 prog.out
 delete mode 100644 total.out
[master 2929878] 8 of 12
 6 files changed, 13 insertions(+)
 create mode 100644 diff.out
 create mode 100644 prog.org.out
 create mode 100644 prog.out
 create mode 100644 total.out
[master 3d14f4c] Make IRCServer
 8 files changed, 33 insertions(+), 13 deletions(-)
 create mode 100644 .HashTableVoid.cc.swp
 rewrite HashTableVoidTest (72%)
 delete mode 100644 diff.out
 delete mode 100644 prog.org.out
 delete mode 100644 prog.out
 delete mode 100644 total.out
[master 2fb0413] 8 of 12
 6 files changed, 14 insertions(+)
 create mode 100644 diff.out
 create mode 100644 prog.org.out
 create mode 100644 prog.out
 create mode 100644 total.out
[master 2f5d52b] Make IRCServer
 7 files changed, 7 insertions(+), 5 deletions(-)
 delete mode 100644 .HashTableVoid.cc.swp
 delete mode 100644 diff.out
 delete mode 100644 prog.org.out
 delete mode 100644 prog.out
 delete mode 100644 total.out
[master 0944da2] 8 of 12
 6 files changed, 13 insertions(+)
 create mode 100644 diff.out
 create mode 100644 prog.org.out
 create mode 100644 prog.out
 create mode 100644 total.out
[master 4861a39] Make IRCServer
 6 files changed, 6 insertions(+), 4 deletions(-)
 create mode 100644 .HashTableVoid.cc.swp
 delete mode 100644 diff.out
 delete mode 100644 prog.org.out
 delete mode 100644 prog.out
 delete mode 100644 total.out
[master 96eb146] 8 of 12
 6 files changed, 13 insertions(+)
 create mode 100644 diff.out
 create mode 100644 prog.org.out
 create mode 100644 prog.out
 create mode 100644 total.out
[master 86b4780] Make IRCServer
 8 files changed, 19 insertions(+), 25 deletions(-)
 delete mode 100644 diff.out
 delete mode 100644 prog.org.out
 delete mode 100644 prog.out
 delete mode 100644 total.out
[master c5a1825] 8 of 12
 7 files changed, 12 insertions(+)
 create mode 100644 diff.out
 create mode 100644 prog.org.out
 create mode 100644 prog.out
 create mode 100644 total.out
[master 0f0f9ff] Make IRCServer
 8 files changed, 6 insertions(+), 12 deletions(-)
 rewrite HashTableVoidTest (71%)
 delete mode 100644 diff.out
 delete mode 100644 prog.org.out
 delete mode 100644 prog.out
 delete mode 100644 total.out
[master 86ba59c] 12 of 12
 7 files changed, 15 insertions(+), 2 deletions(-)
 create mode 100644 diff.out
 create mode 100644 prog.org.out
 create mode 100644 prog.out
 create mode 100644 total.out
[master 973c2fb] Make IRCServer
 8 files changed, 7 insertions(+), 4 deletions(-)
 delete mode 100644 diff.out
 delete mode 100644 prog.org.out
 delete mode 100644 prog.out
 delete mode 100644 total.out
[master ed7ff4e] 12 of 12
 7 files changed, 12 insertions(+)
 create mode 100644 diff.out
 create mode 100644 prog.org.out
 create mode 100644 prog.out
 create mode 100644 total.out
[master a1bd4a7] Make IRCServer
 11 files changed, 35 insertions(+), 7 deletions(-)
 delete mode 100644 .HashTableVoid.cc.swp
 create mode 100644 .IRCServer.cc.swp
 rewrite IRCServer (89%)
 delete mode 100644 diff.out
 delete mode 100644 prog.org.out
 delete mode 100644 prog.out
 delete mode 100644 total.out
[master f157ae8] Make IRCServer
 5 files changed, 13 insertions(+), 4 deletions(-)
 create mode 100644 password.txt
[master 0340dd0] Make IRCServer
 4 files changed, 12 insertions(+), 4 deletions(-)
 rewrite .IRCServer.cc.swp (83%)
[master f6c14dd] Make IRCServer
 4 files changed, 9 insertions(+)
 delete mode 100644 .IRCServer.cc.swp
[master 5fabd82] Make IRCServer
 3 files changed, 4 insertions(+), 1 deletion(-)
[master df50326] Make IRCServer
 3 files changed, 3 insertions(+), 1 deletion(-)
[master c417b0e] Make IRCServer
 3 files changed, 3 insertions(+), 1 deletion(-)
[master e23bb26] Make IRCServer
 3 files changed, 3 insertions(+), 1 deletion(-)
[master 2bc427d] Make IRCServer
 3 files changed, 4 insertions(+)
[master 5a9f257] Make IRCServer
 3 files changed, 3 insertions(+), 2 deletions(-)
[master 83eb4fa] Make IRCServer
 4 files changed, 26 insertions(+), 4 deletions(-)
 rewrite IRCServer (71%)
[master acb9ef5] Make IRCServer
 4 files changed, 5 insertions(+), 1 deletion(-)
[master 2e85bf9] Make IRCServer
 4 files changed, 16 insertions(+), 2 deletions(-)
[master ebe91df] Make IRCServer
 3 files changed, 6 insertions(+), 2 deletions(-)
[master 4a4e4af] Make IRCServer
 3 files changed, 3 insertions(+), 1 deletion(-)
[master 4757c93] Make IRCServer
 3 files changed, 4 insertions(+), 2 deletions(-)
 rewrite IRCServer (65%)
[master c381510] Make IRCServer
 3 files changed, 7 insertions(+), 4 deletions(-)
 rewrite IRCServer (65%)
[master 413713b] Make IRCServer
 3 files changed, 5 insertions(+), 2 deletions(-)
[master 7da77ab] Make IRCServer
 3 files changed, 8 insertions(+), 4 deletions(-)
[master 4395d09] Make IRCServer
 3 files changed, 4 insertions(+), 2 deletions(-)
[master 6340e99] Make IRCServer
 3 files changed, 3 insertions(+), 1 deletion(-)
[master cbc6f83] Make IRCServer
 3 files changed, 3 insertions(+), 1 deletion(-)
[master 2905759] Make IRCServer
 3 files changed, 3 insertions(+), 1 deletion(-)
[master 6e23e78] Make IRCServer
 3 files changed, 7 insertions(+), 4 deletions(-)
[master 76bbff1] Make IRCServer
 3 files changed, 5 insertions(+), 1 deletion(-)
[master 3c7f24f] Make IRCServer
 3 files changed, 3 insertions(+), 1 deletion(-)
[master 53ef1c2] Make IRCServer
 3 files changed, 3 insertions(+)
[master 1728c76] Make IRCServer
 1 file changed, 2 insertions(+)
[master e7526fb] Make IRCServer
 3 files changed, 3 insertions(+)
[master 47ce7e8] Make IRCServer
 3 files changed, 3 insertions(+)
[master d0f3cf6] Make IRCServer
 3 files changed, 3 insertions(+), 1 deletion(-)
[master 7f5b026] Make IRCServer
 3 files changed, 5 insertions(+), 2 deletions(-)
[master be2d56e] Make IRCServer
 3 files changed, 3 insertions(+), 1 deletion(-)
[master 4a72345] Make IRCServer
 3 files changed, 4 insertions(+), 4 deletions(-)
[master f44daaa] Make IRCServer
 3 files changed, 10 insertions(+), 8 deletions(-)
[master 5318216] Make IRCServer
 3 files changed, 2 insertions(+), 1 deletion(-)
[master 772ef8d] Make IRCServer
 3 files changed, 4 insertions(+), 2 deletions(-)
[master aff7af3] Make IRCServer
 3 files changed, 5 insertions(+), 2 deletions(-)
[master 3970836] Make IRCServer
 3 files changed, 4 insertions(+), 2 deletions(-)
[master ca7ac01] Make IRCServer
 3 files changed, 5 insertions(+), 3 deletions(-)
[master 34ebe9e] Make IRCServer
 3 files changed, 4 insertions(+)
[master 3e5b1c9] Make IRCServer
 3 files changed, 3 insertions(+), 1 deletion(-)
[master 6d24a52] Make IRCServer
 3 files changed, 6 insertions(+), 5 deletions(-)
[master 9a1f69f] Make IRCServer
 3 files changed, 3 insertions(+), 1 deletion(-)
[master 89e7d5d] Make IRCServer
 3 files changed, 3 insertions(+), 1 deletion(-)
[master b67b8d0] Make IRCServer
 1 file changed, 2 insertions(+)
[master a2a9a77] Make IRCServer
 3 files changed, 3 insertions(+), 1 deletion(-)
[master a3d6105] Make IRCServer
 3 files changed, 5 insertions(+), 2 deletions(-)
[master 606643b] Make IRCServer
 3 files changed, 3 insertions(+), 1 deletion(-)
[master e30d939] Make IRCServer
 3 files changed, 4 insertions(+), 3 deletions(-)
[master 6f08b03] Make IRCServer
 3 files changed, 4 insertions(+)
[master 1e36b42] Make IRCServer
 3 files changed, 6 insertions(+), 4 deletions(-)
[master f99a149] Make IRCServer
 3 files changed, 12 insertions(+), 9 deletions(-)
[master 348022f] Make IRCServer
 4 files changed, 5 insertions(+), 2 deletions(-)
[master 5291152] Make IRCServer
 4 files changed, 4 insertions(+), 1 deletion(-)
[master ccaa40f] Make IRCServer
 4 files changed, 9 insertions(+), 3 deletions(-)
[master d23bd4a] Make IRCServer
 3 files changed, 4 insertions(+), 1 deletion(-)
[master e20f3f7] Make IRCServer
 3 files changed, 8 insertions(+), 1 deletion(-)
[master 242bcfd] Make IRCServer
 4 files changed, 34 insertions(+), 36 deletions(-)
 rewrite IRCServer (61%)
[master 922d6e3] Make IRCServer
 4 files changed, 56 insertions(+), 3 deletions(-)
 rewrite IRCServer (65%)
[master ef9e80e] Make IRCServer
 3 files changed, 9 insertions(+)
[master 5f9d212] Make IRCServer
 3 files changed, 79 insertions(+)
 rewrite IRCServer (64%)
[master b223bb6] Make IRCServer
 3 files changed, 28 insertions(+)
[master 8d2c10b] Make IRCServer
 3 files changed, 4 insertions(+), 2 deletions(-)
[master c751685] Make IRCServer
 4 files changed, 4 insertions(+), 1 deletion(-)
[master f035ee5] Make IRCServer
 3 files changed, 6 insertions(+), 1 deletion(-)
[master f0c07a6] Make IRCServer
 4 files changed, 41 insertions(+)
 create mode 100644 .IRCServer.h.swp
 rewrite IRCServer (72%)
[master 07e3091] Make IRCServer
 4 files changed, 5 insertions(+), 1 deletion(-)
 delete mode 100644 .IRCServer.h.swp
[master 8f8d34e] Make IRCServer
 3 files changed, 38 insertions(+), 1 deletion(-)
[master a5b9948] Make IRCServer
 3 files changed, 3 insertions(+)
[master 363be9a] Make IRCServer
 3 files changed, 4 insertions(+), 2 deletions(-)
[master 1034147] Make IRCServer
 3 files changed, 4 insertions(+)
[master 8964050] Make IRCServer
 3 files changed, 9 insertions(+), 8 deletions(-)
[master 04423bb] Make IRCServer
 3 files changed, 3 insertions(+), 1 deletion(-)
[master e10b834] Make IRCServer
 3 files changed, 12 insertions(+), 1 deletion(-)
[master c32675f] Make IRCServer
 5 files changed, 32 insertions(+), 5 deletions(-)
 create mode 100644 .IRCServer.h.swp
 rewrite IRCServer (64%)
[master 03b8b29] Make IRCServer
 15 files changed, 654 insertions(+), 18 deletions(-)
 delete mode 100644 .IRCServer.h.swp
 create mode 100755 IRCServer.org
 create mode 100755 TestIRCServer
 create mode 100755 test-server1.sh
 create mode 100755 test-server10.sh
 create mode 100755 test-server2.sh
 create mode 100755 test-server3.sh
 create mode 100755 test-server4.sh
 create mode 100755 test-server5.sh
 create mode 100755 test-server6.sh
 create mode 100755 test-server7.sh
 create mode 100755 test-server8.sh
 create mode 100755 test-server9.sh
[master 5bd9bb8] 12 of 62
 9 files changed, 308 insertions(+), 11 deletions(-)
 create mode 100644 diff.out
 create mode 100644 prog.org.out
 create mode 100644 prog.out
 create mode 100644 talk-server.out
 create mode 100644 total.out
[master fac76d8] Make IRCServer
 6 files changed, 7 insertions(+), 272 deletions(-)
 delete mode 100644 diff.out
 delete mode 100644 prog.org.out
 delete mode 100644 prog.out
 delete mode 100644 talk-server.out
 delete mode 100644 total.out
[master c2ad8a9] Make IRCServer
 9 files changed, 25 insertions(+), 25 deletions(-)
 create mode 100755 .nfs000000000039004600001e7f
 create mode 100644 diff.out
 create mode 100644 prog.out
 create mode 100644 talk-server.out
 rewrite total.txt (63%)
[master f725b4c] Make IRCServer
 5 files changed, 9 insertions(+), 6 deletions(-)
 rename talk-server.out => .nfs000000000039539d00001e80 (100%)
 delete mode 100644 diff.out
 delete mode 100644 prog.out
[master 3b57fba] 12 of 62
 10 files changed, 298 insertions(+), 5 deletions(-)
 delete mode 100755 .nfs000000000039004600001e7f
 create mode 100644 diff.out
 create mode 100644 prog.org.out
 create mode 100644 prog.out
 rename .nfs000000000039539d00001e80 => talk-server.out (100%)
 create mode 100644 total.out
[master 528c737] Make IRCServer
 3 files changed, 9 insertions(+), 1 deletion(-)
[master b39a0b5] Make IRCServer
 6 files changed, 2 insertions(+), 272 deletions(-)
 delete mode 100644 diff.out
 delete mode 100644 prog.org.out
 delete mode 100644 prog.out
 delete mode 100644 talk-server.out
 delete mode 100644 total.out
[master c8de4bd] 12 of 62
 8 files changed, 281 insertions(+)
 create mode 100644 .IRCServer.cc.swp
 create mode 100644 diff.out
 create mode 100644 prog.org.out
 create mode 100644 prog.out
 create mode 100644 talk-server.out
 create mode 100644 total.out
[master f160167] Make IRCServer
 4 files changed, 16 insertions(+), 8 deletions(-)
 delete mode 100644 .IRCServer.cc.swp
[master 58852ad] Make IRCServer
 6 files changed, 3 insertions(+), 272 deletions(-)
 delete mode 100644 diff.out
 delete mode 100644 prog.org.out
 delete mode 100644 prog.out
 delete mode 100644 talk-server.out
 delete mode 100644 total.out
[master 2a1275c] 12 of 62
 7 files changed, 257 insertions(+)
 create mode 100644 diff.out
 create mode 100644 prog.org.out
 create mode 100644 prog.out
 create mode 100644 talk-server.out
 create mode 100644 total.out
[master 42dc02d] Make IRCServer
 3 files changed, 9 insertions(+), 2 deletions(-)
[master 810572a] Make IRCServer
 6 files changed, 2 insertions(+), 248 deletions(-)
 delete mode 100644 diff.out
 delete mode 100644 prog.org.out
 delete mode 100644 prog.out
 delete mode 100644 talk-server.out
 delete mode 100644 total.out
[master cdc4a14] 12 of 62
 7 files changed, 253 insertions(+)
 create mode 100644 diff.out
 create mode 100644 prog.org.out
 create mode 100644 prog.out
 create mode 100644 talk-server.out
 create mode 100644 total.out
